<?xml version="1.0" encoding="UTF-8"?>
<!-- Generated by org.testng.reporters.JUnitXMLReporter -->
<testsuite ignored="0" hostname="TYSS-Chaithra" failures="0" tests="2" name="Test-Runner-1" time="19.17" errors="0" timestamp="2024-10-28T07:53:55 IST">
  <testcase classname="products.AddProductToCartTest" name="removeProductTest" time="0.002"/>
  <testcase classname="products.AddProductToCartTest" name="tc001_addSingleProductToCartTest" time="4.299"/>
</testsuite> <!-- Test-Runner-1 -->
