<?xml version="1.0" encoding="UTF-8"?>
<!-- Generated by org.testng.reporters.JUnitXMLReporter -->
<testsuite ignored="0" hostname="TYSS-Chaithra" failures="0" tests="1" name="Test-Runner-2" time="13.578" errors="0" timestamp="2024-10-28T07:53:49 IST">
  <testcase classname="products.RemoveProductTest" name="sampleTest" time="0.018"/>
</testsuite> <!-- Test-Runner-2 -->
