<?xml version="1.0" encoding="UTF-8"?>
<!-- Generated by org.testng.reporters.JUnitReportReporter -->
<testsuite hostname="TYSS-Chaithra" failures="0" tests="2" name="products.AddProductToCartTest" time="3.647" errors="0" timestamp="2024-11-07T08:11:13 IST" skipped="0">
  <testcase classname="products.AddProductToCartTest" name="removeProductTest" time="0.504"/>
  <system-out/>
  <testcase classname="products.AddProductToCartTest" name="tc001_addSingleProductToCartTest" time="3.143"/>
  <system-out/>
</testsuite> <!-- products.AddProductToCartTest -->
